2025-09-16 20:54:51,217 - INFO - Opening: https://mis.ihc.gov.pk/frmCseSrch
2025-09-16 20:54:57,859 - INFO - Looking for Advanced Search button...
2025-09-16 20:54:57,947 - INFO - Found Advanced Search button, clicking...
2025-09-16 20:55:01,072 - INFO - Looking for date input field...
2025-09-16 20:55:01,303 - INFO - Date entered successfully
2025-09-16 20:55:03,312 - INFO - Looking for search button...
2025-09-16 20:55:03,376 - INFO - Found search button, clicking...
2025-09-16 20:55:03,500 - INFO - Search button clicked, waiting for results...
2025-09-16 20:55:18,543 - INFO - Current URL: https://mis.ihc.gov.pk/frmCseSrch
2025-09-16 20:55:18,545 - INFO - Page title: Islamabad High Court:
2025-09-16 20:55:18,617 - INFO - Page source saved to debug_page_source.html
2025-09-16 20:55:18,649 - INFO - Found 7 table(s) on the page
2025-09-16 20:55:19,075 - INFO - Table 1: ID='tblCases', Class='table table-bordered display no-footer dataTable'
2025-09-16 20:55:19,076 - INFO -   Content preview: 'SR INSTITUTION CASE_NO CASE_TITLE BENCH HEARING_DATE STATUS HISTORY DETAILS\n1 12-11-2020 Office Obje...'
2025-09-16 20:55:19,100 - INFO -   Number of rows: 51
2025-09-16 20:55:19,219 - INFO -     Row 1: ['SR', 'INSTITUTION', 'CASE_NO', 'CASE_TITLE', 'BENCH']
2025-09-16 20:55:19,310 - INFO -     Row 2: ['1', '12-11-2020', 'Office Objection 14369/2020 (SB)', 'Ali Sarfraz- VS -M. Akram', 'N/A']
2025-09-16 20:55:19,404 - INFO -     Row 3: ['2', '12-11-2020', 'Office Objection 14279/2020 (SB)', 'Fida Hussain Waraich- VS -Syed Zarfan Hussain', 'N/A']
2025-09-16 20:55:19,481 - INFO - Table 2: ID='no-id', Class=' table-responsive table-bordered'
2025-09-16 20:55:19,481 - INFO -   Content preview: ''
2025-09-16 20:55:19,499 - INFO -   Number of rows: 16
2025-09-16 20:55:19,549 - INFO -     Row 1: ['']
2025-09-16 20:55:19,659 - INFO -     Row 2: ['', '', '', '']
2025-09-16 20:55:19,744 - INFO -     Row 3: ['', '', '', '']
2025-09-16 20:55:19,813 - INFO - Table 3: ID='tblCmsHstry', Class='table table-bordered'
2025-09-16 20:55:19,814 - INFO -   Content preview: ''
2025-09-16 20:55:19,830 - INFO -   Number of rows: 1
2025-09-16 20:55:19,910 - INFO - Table 4: ID='tblCseHstry', Class='table table-bordered'
2025-09-16 20:55:19,911 - INFO -   Content preview: ''
2025-09-16 20:55:19,927 - INFO -   Number of rows: 1
2025-09-16 20:55:19,993 - INFO - Table 5: ID='tblPrty', Class='table table-bordered display'
2025-09-16 20:55:19,993 - INFO -   Content preview: ''
2025-09-16 20:55:20,009 - INFO -   Number of rows: 1
2025-09-16 20:55:20,070 - INFO - Table 6: ID='tblCmntsHstry', Class='table table-bordered'
2025-09-16 20:55:20,071 - INFO -   Content preview: ''
2025-09-16 20:55:20,085 - INFO -   Number of rows: 1
2025-09-16 20:55:20,150 - INFO - Table 7: ID='exportTable', Class='table table-hover'
2025-09-16 20:55:20,150 - INFO -   Content preview: ''
2025-09-16 20:55:20,165 - INFO -   Number of rows: 9
2025-09-16 20:55:20,259 - INFO -     Row 1: ['', '', '', '']
2025-09-16 20:55:20,336 - INFO -     Row 2: ['', '', '', '']
2025-09-16 20:55:20,418 - INFO -     Row 3: ['', '', '', '']
2025-09-16 20:55:20,445 - INFO - No loading indicators found
2025-09-16 20:55:20,504 - INFO - Found potential error messages:
2025-09-16 20:55:20,565 - INFO -   - 
2025-09-16 20:55:20,779 - INFO - Found container 'grdCaseInfo':  Case Details of IHC:
Show
10
25
50
100
records
Search:
SR INSTITUTION CASE_NO CASE_TITLE BENCH HEAR...
2025-09-16 20:55:20,987 - INFO - Found container 'frstStep': Search Cases
Select Type of Search, Enter your details then click on Search button. Only Case # fiel...
2025-09-16 20:55:21,184 - INFO - Found container 'tblCases_wrapper': Show
10
25
50
100
records
Search:
SR INSTITUTION CASE_NO CASE_TITLE BENCH HEARING_DATE STATUS HISTOR...
2025-09-16 20:55:21,202 - INFO - Container 'example_wrapper' not found
2025-09-16 20:55:21,403 - INFO - Screenshot saved as debug_screenshot.png
2025-09-16 20:55:21,404 - INFO - Waiting another 10 seconds to see if content loads...
2025-09-16 20:55:31,482 - INFO - Final check: Found 7 table(s)
2025-09-16 20:55:31,483 - INFO - DEBUG COMPLETE - Check the generated files for details
